This is pdfTeX, Version 3.1415926-1.40.10 (TeX Live 2009/Debian) (format=pdflatex 2010.11.9)  8 FEB 2011 10:45
entering extended mode
 restricted \write18 enabled.
 %&-line parsing enabled.
**snp-gpu-sim-pcsc2011.tex
(./snp-gpu-sim-pcsc2011.tex
LaTeX2e <2009/09/24>
Babel <v3.8l> and hyphenation patterns for english, usenglishmax, dumylang, noh
yphenation, loaded.
(./acm_proc_article-sp.cls
(/usr/share/texmf-texlive/tex/latex/graphics/epsfig.sty
Package: epsfig 1999/02/16 v1.7a (e)psfig emulation (SPQR)

(/usr/share/texmf-texlive/tex/latex/graphics/graphicx.sty
Package: graphicx 1999/02/16 v1.0f Enhanced LaTeX Graphics (DPC,SPQR)

(/usr/share/texmf-texlive/tex/latex/graphics/keyval.sty
Package: keyval 1999/03/16 v1.13 key=value parser (DPC)
\KV@toks@=\toks14
)
(/usr/share/texmf-texlive/tex/latex/graphics/graphics.sty
Package: graphics 2009/02/05 v1.0o Standard LaTeX Graphics (DPC,SPQR)

(/usr/share/texmf-texlive/tex/latex/graphics/trig.sty
Package: trig 1999/03/16 v1.09 sin cos tan (DPC)
)
(/etc/texmf/tex/latex/config/graphics.cfg
File: graphics.cfg 2009/08/28 v1.8 graphics configuration of TeX Live
)
Package graphics Info: Driver file: pdftex.def on input line 91.

(/usr/share/texmf-texlive/tex/latex/pdftex-def/pdftex.def
File: pdftex.def 2009/08/25 v0.04m Graphics/color for pdfTeX
\Gread@gobject=\count79
))
\Gin@req@height=\dimen102
\Gin@req@width=\dimen103
)
\epsfxsize=\dimen104
\epsfysize=\dimen105
)
(/usr/share/texmf-texlive/tex/latex/amsfonts/amssymb.sty
Package: amssymb 2009/06/22 v3.00

(/usr/share/texmf-texlive/tex/latex/amsfonts/amsfonts.sty
Package: amsfonts 2009/06/22 v3.00 Basic AMSFonts support
\@emptytoks=\toks15
\symAMSa=\mathgroup4
\symAMSb=\mathgroup5
LaTeX Font Info:    Overwriting math alphabet `\mathfrak' in version `bold'
(Font)                  U/euf/m/n --> U/euf/b/n on input line 96.
))
(/usr/share/texmf-texlive/tex/latex/amsmath/amsmath.sty
Package: amsmath 2000/07/18 v2.13 AMS math features
\@mathmargin=\skip41

For additional information on amsmath, use the `?' option.
(/usr/share/texmf-texlive/tex/latex/amsmath/amstext.sty
Package: amstext 2000/06/29 v2.01

(/usr/share/texmf-texlive/tex/latex/amsmath/amsgen.sty
File: amsgen.sty 1999/11/30 v2.0
\@emptytoks=\toks16
\ex@=\dimen106
))
(/usr/share/texmf-texlive/tex/latex/amsmath/amsbsy.sty
Package: amsbsy 1999/11/29 v1.2d
\pmbraise@=\dimen107
)
(/usr/share/texmf-texlive/tex/latex/amsmath/amsopn.sty
Package: amsopn 1999/12/14 v2.01 operator names
)
\inf@bad=\count80
LaTeX Info: Redefining \frac on input line 211.
\uproot@=\count81
\leftroot@=\count82
LaTeX Info: Redefining \overline on input line 307.
\classnum@=\count83
\DOTSCASE@=\count84
LaTeX Info: Redefining \ldots on input line 379.
LaTeX Info: Redefining \dots on input line 382.
LaTeX Info: Redefining \cdots on input line 467.
\Mathstrutbox@=\box26
\strutbox@=\box27
\big@size=\dimen108
LaTeX Font Info:    Redeclaring font encoding OML on input line 567.
LaTeX Font Info:    Redeclaring font encoding OMS on input line 568.
\macc@depth=\count85
\c@MaxMatrixCols=\count86
\dotsspace@=\muskip10
\c@parentequation=\count87
\dspbrk@lvl=\count88
\tag@help=\toks17
\row@=\count89
\column@=\count90
\maxfields@=\count91
\andhelp@=\toks18
\eqnshift@=\dimen109
\alignsep@=\dimen110
\tagshift@=\dimen111
\tagwidth@=\dimen112
\totwidth@=\dimen113
\lineht@=\dimen114
\@envbody=\toks19
\multlinegap=\skip42
\multlinetaggap=\skip43
\mathdisplay@stack=\toks20
LaTeX Info: Redefining \[ on input line 2666.
LaTeX Info: Redefining \] on input line 2667.
)
Document Class 'acm_proc_article-sp' <22nd. April '09>. Modified by G.K.M. Tobi
n
Based in part upon document Style `acmconf' <22 May 89>. Hacked 4/91 by
shivers@cs.cmu.edu, 4/93 by theobald@cs.mcgill.ca
Excerpts were taken from (Journal Style) 'esub2acm.cls'.
****** Bugs/comments/suggestions to Gerry Murray -- murray@hq.acm.org ******
\footheight=\dimen115
\@maxsep=\dimen116
\@dblmaxsep=\dimen117
\aucount=\count92
\originalaucount=\count93
\auwidth=\dimen118
\auskip=\dimen119
\auskipcount=\count94
\auskip=\dimen120
\allauboxes=\dimen121
\addauthors=\toks21
\addauflag=\count95
\subtitletext=\toks22
\savesection=\count96
\sectioncntr=\count97
\c@figure=\count98
\c@table=\count99
\titleboxnotes=\toks23
\titleboxnoteflag=\count100
Document Class: acm_proc_article-sp 2009/04/22 - V3.2SP - based on esub2acm.sty
 <23 April 96>
(/usr/share/texmf-texlive/tex/latex/base/latexsym.sty
Package: latexsym 1998/08/17 v2.2e Standard LaTeX package (lasy symbols)
\symlasy=\mathgroup6
LaTeX Font Info:    Overwriting symbol font `lasy' in version `bold'
(Font)                  U/lasy/m/n --> U/lasy/b/n on input line 47.
)
\@acmtitlebox=\box28
\titlenotecount=\count101
\tntoks=\toks24
\tntokstwo=\toks25
\tntoksthree=\toks26
\tntoksfour=\toks27
\tntoksfive=\toks28
\catcount=\count102
\copyrightnotice=\toks29
\conf=\toks30
\confinfo=\toks31
\c@part=\count103
\c@section=\count104
\c@subsection=\count105
\c@subsubsection=\count106
\c@paragraph=\count107

Using 'Abbrev' bibliography style
LaTeX Info: Redefining \cite on input line 1236.
\bibindent=\dimen122
\colcntr=\count108
\saveb@x=\box29
\copyrtyr=\toks32
\acmcopyr=\toks33
\boilerplate=\toks34
\copyrightetc=\toks35
(/usr/share/texmf-texlive/tex/latex/base/fontenc.sty
Package: fontenc 2005/09/27 v1.99g Standard LaTeX package

(/usr/share/texmf-texlive/tex/latex/base/t1enc.def
File: t1enc.def 2005/09/27 v1.99g Standard LaTeX file
LaTeX Font Info:    Redeclaring font encoding T1 on input line 43.
)
LaTeX Font Info:    Try loading font information for T1+aer on input line 100.

(/usr/share/texmf-texlive/tex/latex/ae/t1aer.fd
File: t1aer.fd 1997/11/16 Font definitions for T1/aer.
)))
(/usr/share/texmf-texlive/tex/latex/ltxmisc/url.sty
\Urlmuskip=\muskip11
Package: url 2006/04/12  ver 3.3  Verb mode for urls, etc.
)
(/usr/share/texmf-texlive/tex/latex/listings/listings.sty
\lst@mode=\count109
\lst@gtempboxa=\box30
\lst@token=\toks36
\lst@length=\count110
\lst@currlwidth=\dimen123
\lst@column=\count111
\lst@pos=\count112
\lst@lostspace=\dimen124
\lst@width=\dimen125
\lst@newlines=\count113
\lst@lineno=\count114
\abovecaptionskip=\skip44
\belowcaptionskip=\skip45
\lst@maxwidth=\dimen126

(/usr/share/texmf-texlive/tex/latex/listings/lstmisc.sty
File: lstmisc.sty 2007/02/22 1.4 (Carsten Heinz)
\c@lstnumber=\count115
\lst@skipnumbers=\count116
\lst@framebox=\box31
)
(/usr/share/texmf-texlive/tex/latex/listings/listings.cfg
File: listings.cfg 2007/02/22 1.4 listings configuration
))
Package: listings 2007/02/22 1.4 (Carsten Heinz)

(/usr/share/texmf-texlive/tex/latex/algorithms/algorithm.sty
Package: algorithm 2009/08/24 v0.1 Document Style `algorithm' - floating enviro
nment

(/usr/share/texmf-texlive/tex/latex/float/float.sty
Package: float 2001/11/08 v1.3d Float enhancements (AL)
\c@float@type=\count117
\float@exts=\toks37
\float@box=\box32
\@float@everytoks=\toks38
\@floatcapt=\box33
)
(/usr/share/texmf-texlive/tex/latex/base/ifthen.sty
Package: ifthen 2001/05/26 v1.1c Standard LaTeX ifthen package (DPC)
)
\@float@every@algorithm=\toks39
\c@algorithm=\count118
)
(/usr/share/texmf-texlive/tex/latex/hyperref/hyperref.sty
Package: hyperref 2009/10/09 v6.79a Hypertext links for LaTeX

(/usr/share/texmf-texlive/tex/generic/oberdiek/ifpdf.sty
Package: ifpdf 2009/04/10 v2.0 Provides the ifpdf switch (HO)
Package ifpdf Info: pdfTeX in pdf mode detected.
)
(/usr/share/texmf-texlive/tex/generic/oberdiek/ifvtex.sty
Package: ifvtex 2008/11/04 v1.4 Switches for detecting VTeX and its modes (HO)
Package ifvtex Info: VTeX not detected.
)
(/usr/share/texmf-texlive/tex/generic/ifxetex/ifxetex.sty
Package: ifxetex 2009/01/23 v0.5 Provides ifxetex conditional
)
(/usr/share/texmf-texlive/tex/latex/oberdiek/hycolor.sty
Package: hycolor 2009/10/02 v1.5 Code for color options of hyperref/bookmark (H
O)

(/usr/share/texmf-texlive/tex/latex/oberdiek/xcolor-patch.sty
Package: xcolor-patch 2009/10/02 xcolor patch
))
\@linkdim=\dimen127
\Hy@linkcounter=\count119
\Hy@pagecounter=\count120

(/usr/share/texmf-texlive/tex/latex/hyperref/pd1enc.def
File: pd1enc.def 2009/10/09 v6.79a Hyperref: PDFDocEncoding definition (HO)
)
(/usr/share/texmf-texlive/tex/generic/oberdiek/etexcmds.sty
Package: etexcmds 2007/12/12 v1.2 Prefix for e-TeX command names (HO)

(/usr/share/texmf-texlive/tex/generic/oberdiek/infwarerr.sty
Package: infwarerr 2007/09/09 v1.2 Providing info/warning/message (HO)
)
Package etexcmds Info: Could not find \expanded.
(etexcmds)             That can mean that you are not using pdfTeX 1.50 or
(etexcmds)             that some package has redefined \expanded.
(etexcmds)             In the latter case, load this package earlier.
)

Package hyperref Warning: Height of page (\paperheight) is invalid (0.0pt),
(hyperref)                using 11in.

(/usr/share/texmf-texlive/tex/latex/latexconfig/hyperref.cfg
File: hyperref.cfg 2002/06/06 v1.2 hyperref configuration of TeXLive
)
(/usr/share/texmf-texlive/tex/latex/oberdiek/kvoptions.sty
Package: kvoptions 2009/08/13 v3.4 Keyval support for LaTeX options (HO)

(/usr/share/texmf-texlive/tex/generic/oberdiek/kvsetkeys.sty
Package: kvsetkeys 2009/07/30 v1.5 Key value parser with default handler suppor
t (HO)
))
Package hyperref Info: Hyper figures OFF on input line 2975.
Package hyperref Info: Link nesting OFF on input line 2980.
Package hyperref Info: Hyper index ON on input line 2983.
Package hyperref Info: Plain pages OFF on input line 2990.
Package hyperref Info: Backreferencing OFF on input line 2995.

Implicit mode ON; LaTeX internals redefined
Package hyperref Info: Bookmarks ON on input line 3191.
LaTeX Info: Redefining \url on input line 3428.
(/usr/share/texmf-texlive/tex/generic/oberdiek/bitset.sty
Package: bitset 2007/09/28 v1.0 Data type bit set (HO)

(/usr/share/texmf-texlive/tex/generic/oberdiek/intcalc.sty
Package: intcalc 2007/09/27 v1.1 Expandable integer calculations (HO)
)
(/usr/share/texmf-texlive/tex/generic/oberdiek/bigintcalc.sty
Package: bigintcalc 2007/11/11 v1.1 Expandable big integer calculations (HO)

(/usr/share/texmf-texlive/tex/generic/oberdiek/pdftexcmds.sty
Package: pdftexcmds 2009/09/23 v0.6 LuaTeX support for pdfTeX utility functions
 (HO)

(/usr/share/texmf-texlive/tex/generic/oberdiek/ifluatex.sty
Package: ifluatex 2009/04/17 v1.2 Provides the ifluatex switch (HO)
Package ifluatex Info: LuaTeX not detected.
)
(/usr/share/texmf-texlive/tex/generic/oberdiek/ltxcmds.sty
Package: ltxcmds 2009/08/05 v1.0 Some LaTeX kernel commands for general use (HO
)
)
Package pdftexcmds Info: LuaTeX not detected.
Package pdftexcmds Info: \pdf@primitive is available.
Package pdftexcmds Info: \pdf@ifprimitive is available.
)))
\Fld@menulength=\count121
\Field@Width=\dimen128
\Fld@charsize=\dimen129
\Field@toks=\toks40
Package hyperref Info: Hyper figures OFF on input line 4377.
Package hyperref Info: Link nesting OFF on input line 4382.
Package hyperref Info: Hyper index ON on input line 4385.
Package hyperref Info: backreferencing OFF on input line 4392.
Package hyperref Info: Link coloring OFF on input line 4397.
Package hyperref Info: Link coloring with OCG OFF on input line 4402.
Package hyperref Info: PDF/A mode OFF on input line 4407.

(/usr/share/texmf-texlive/tex/generic/oberdiek/atbegshi.sty
Package: atbegshi 2008/07/31 v1.9 At begin shipout hook (HO)
)

Package hyperref Warning: Option `pdfpagelabels' is turned off
(hyperref)                because \thepage is undefined.

\c@Item=\count122
\c@Hfootnote=\count123
)
*hyperref using default driver hpdftex*
(/usr/share/texmf-texlive/tex/latex/hyperref/hpdftex.def
File: hpdftex.def 2009/10/09 v6.79a Hyperref driver for pdfTeX
\Fld@listcount=\count124
)
(./snp-gpu-sim-pcsc2011.aux)
\openout1 = `snp-gpu-sim-pcsc2011.aux'.

LaTeX Font Info:    Checking defaults for OML/cmm/m/it on input line 31.
LaTeX Font Info:    ... okay on input line 31.
LaTeX Font Info:    Checking defaults for T1/cmr/m/n on input line 31.
LaTeX Font Info:    ... okay on input line 31.
LaTeX Font Info:    Checking defaults for OT1/cmr/m/n on input line 31.
LaTeX Font Info:    ... okay on input line 31.
LaTeX Font Info:    Checking defaults for OMS/cmsy/m/n on input line 31.
LaTeX Font Info:    ... okay on input line 31.
LaTeX Font Info:    Checking defaults for OMX/cmex/m/n on input line 31.
LaTeX Font Info:    ... okay on input line 31.
LaTeX Font Info:    Checking defaults for U/cmr/m/n on input line 31.
LaTeX Font Info:    ... okay on input line 31.
LaTeX Font Info:    Checking defaults for PD1/pdf/m/n on input line 31.
LaTeX Font Info:    ... okay on input line 31.

(/usr/share/texmf-texlive/tex/context/base/supp-pdf.mkii
[Loading MPS to PDF converter (version 2006.09.02).]
\scratchcounter=\count125
\scratchdimen=\dimen130
\scratchbox=\box34
\nofMPsegments=\count126
\nofMParguments=\count127
\everyMPshowfont=\toks41
\MPscratchCnt=\count128
\MPscratchDim=\dimen131
\MPnumerator=\count129
\everyMPtoPDFconversion=\toks42
)
\c@lstlisting=\count130
Package hyperref Info: Link coloring OFF on input line 31.
 (/usr/share/texmf-texlive/tex/latex/hyperref/nameref.sty
Package: nameref 2007/05/29 v2.31 Cross-referencing by name of section

(/usr/share/texmf-texlive/tex/latex/oberdiek/refcount.sty
Package: refcount 2008/08/11 v3.1 Data extraction from references (HO)
)
\c@section@level=\count131
)
LaTeX Info: Redefining \ref on input line 31.
LaTeX Info: Redefining \pageref on input line 31.

(./snp-gpu-sim-pcsc2011.out) (./snp-gpu-sim-pcsc2011.out)
\@outlinefile=\write3
\openout3 = `snp-gpu-sim-pcsc2011.out'.

\AtBeginShipoutBox=\box35
LaTeX Font Info:    Try loading font information for U+msa on input line 113.

(/usr/share/texmf-texlive/tex/latex/amsfonts/umsa.fd
File: umsa.fd 2009/06/22 v3.00 AMS symbols A
)
LaTeX Font Info:    Try loading font information for U+msb on input line 113.

(/usr/share/texmf-texlive/tex/latex/amsfonts/umsb.fd
File: umsb.fd 2009/06/22 v3.00 AMS symbols B
)
LaTeX Font Info:    Try loading font information for U+lasy on input line 113.

(/usr/share/texmf-texlive/tex/latex/base/ulasy.fd
File: ulasy.fd 1998/08/17 v2.2e LaTeX symbol font definitions
)
Underfull \vbox (badness 10000) has occurred while \output is active []

 [1{/var/lib/texmf/fonts/map/pdftex/updmap/pdftex.map}


]

! LaTeX Error: Environment definition undefined.

See the LaTeX manual or LaTeX Companion for explanation.
Type  H <return>  for immediate help.
 ...                                              
                                                  
l.163 \begin{definition}
                        
Your command was ignored.
Type  I <command> <return>  to replace it with another command,
or  <return>  to continue without it.


! LaTeX Error: \begin{document} ended by \end{definition}.

See the LaTeX manual or LaTeX Companion for explanation.
Type  H <return>  for immediate help.
 ...                                              
                                                  
l.186 \end{definition}
                      
Your command was ignored.
Type  I <command> <return>  to replace it with another command,
or  <return>  to continue without it.


! LaTeX Error: Environment definition undefined.

See the LaTeX manual or LaTeX Companion for explanation.
Type  H <return>  for immediate help.
 ...                                              
                                                  
l.196 \begin{definition}
                        
Your command was ignored.
Type  I <command> <return>  to replace it with another command,
or  <return>  to continue without it.


! LaTeX Error: \begin{document} ended by \end{definition}.

See the LaTeX manual or LaTeX Companion for explanation.
Type  H <return>  for immediate help.
 ...                                              
                                                  
l.204 \end{definition}
                      
Your command was ignored.
Type  I <command> <return>  to replace it with another command,
or  <return>  to continue without it.

<snp-img.png, id=79, 444.91219pt x 281.55188pt>
File: snp-img.png Graphic file (type png)
 <use snp-img.png>
! Double subscript.
l.260 ... $M_{\Pi}$ is a matrix comprised of $a_i_
                                                  j$
I treat `x_1_2' essentially like `x_1{}_2'.

! Double subscript.
l.261 elements where $a_i_
                          j$ is given as
I treat `x_1_2' essentially like `x_1{}_2'.


! LaTeX Error: Environment definition undefined.

See the LaTeX manual or LaTeX Companion for explanation.
Type  H <return>  for immediate help.
 ...                                              
                                                  
l.263 \begin{definition}
                        \label{defi-snp-mat}
Your command was ignored.
Type  I <command> <return>  to replace it with another command,
or  <return>  to continue without it.


Overfull \hbox (42.64998pt too wide) detected at line 273
\OML/cmm/m/it/9 a[] \OT1/cmr/m/n/9 = []
 []

pdfTeX warning (ext4): destination with the same identifier (name{page.}) has b
een already used, duplicate ignored
<to be read again> 
                   \relax 
l.273 $$
         [2 <./snp-img.png (PNG copy)>]

! LaTeX Error: \begin{document} ended by \end{definition}.

See the LaTeX manual or LaTeX Companion for explanation.
Type  H <return>  for immediate help.
 ...                                              
                                                  
l.274 \end{definition}
                      
Your command was ignored.
Type  I <command> <return>  to replace it with another command,
or  <return>  to continue without it.

<cuda-scaling.jpeg, id=100, 486.31688pt x 431.36156pt>
File: cuda-scaling.jpeg Graphic file (type jpg)
 <use cuda-scaling.jpeg>
Overfull \hbox (3.15784pt too wide) in paragraph at lines 324--327
 [][] 
 []

<cuda-model.jpeg, id=103, 356.0803pt x 354.57469pt>
File: cuda-model.jpeg Graphic file (type jpg)
 <use cuda-model.jpeg>
LaTeX Font Info:    Try loading font information for OMS+aer on input line 355.


(/usr/share/texmf-texlive/tex/latex/ae/omsaer.fd
File: omsaer.fd 1999/12/27
)
LaTeX Font Info:    Font shape `OMS/aer/m/n' in size <9> not available
(Font)              Font shape `OMS/cmsy/m/n' tried instead on input line 355.
pdfTeX warning (ext4): destination with the same identifier (name{page.}) has b
een already used, duplicate ignored
<to be read again> 
                   \relax 
l.364 //c
         all kernel (GPU) function e.g. [3 <./cuda-scaling.jpeg> <./cuda-model.
jpeg>]
Overfull \hbox (5.44553pt too wide) in paragraph at lines 449--449
[]\secfnt Matrix com-pu-ta-tions and CPU-GPGPU in-
 []


Overfull \hbox (16.5792pt too wide) in paragraph at lines 488--488
[]\secfnt DESIGN AND IM-PLE-MEN-TA-TION OF THE
 []

pdfTeX warning (ext4): destination with the same identifier (name{page.}) has b
een already used, duplicate ignored
<to be read again> 
                   \relax 
l.500 \begin{equation}
                      \label{rules} [4]

LaTeX Warning: Reference `sim-algo' on page \thepage  undefined on input line 5
38.

Package hyperref Info: bookmark level for unknown algorithm defaults to 0 on in
put line 542.

! LaTeX Error: Environment algorithmic undefined.

See the LaTeX manual or LaTeX Companion for explanation.
Type  H <return>  for immediate help.
 ...                                              
                                                  
l.544 \begin{algorithmic}
                         
Your command was ignored.
Type  I <command> <return>  to replace it with another command,
or  <return>  to continue without it.


Underfull \hbox (badness 10000) in paragraph at lines 545--546

 []


Underfull \hbox (badness 10000) in paragraph at lines 547--552

 []


Underfull \hbox (badness 10000) in paragraph at lines 554--558

 []


Underfull \hbox (badness 10000) in paragraph at lines 560--565

 []


LaTeX Warning: Reference `snp-sim-algo' on page \thepage  undefined on input li
ne 571.


! LaTeX Error: \begin{algorithm} on input line 540 ended by \end{algorithmic}.

See the LaTeX manual or LaTeX Companion for explanation.
Type  H <return>  for immediate help.
 ...                                              
                                                  
l.572 \end{algorithmic}
                       
Your command was ignored.
Type  I <command> <return>  to replace it with another command,
or  <return>  to continue without it.


LaTeX Warning: Reference `sim-algo' on page \thepage  undefined on input line 5
76.


LaTeX Warning: Reference `sim-algo' on page \thepage  undefined on input line 5
83.


LaTeX Warning: Reference `snp-sim-algo' on page \thepage  undefined on input li
ne 588.


LaTeX Warning: Reference `sim-algo' on page \thepage  undefined on input line 5
92.


Overfull \hbox (6.02176pt too wide) in paragraph at lines 596--596
[]\secfnt Further in-spec-tion and de-tail-ing of the SNP
 []


LaTeX Warning: Reference `sim-algo' on page \thepage  undefined on input line 5
98.

! Double subscript.
l.606 \Psi = |{\sigma_V_
                        1}| |{\sigma_V_2}| ...|{\sigma_V_n}|, n \in \mathbb{...
I treat `x_1_2' essentially like `x_1{}_2'.

! Double subscript.
l.606 \Psi = |{\sigma_V_1}| |{\sigma_V_
                                       2}| ...|{\sigma_V_n}|, n \in \mathbb{...
I treat `x_1_2' essentially like `x_1{}_2'.

! Double subscript.
l.606 ...sigma_V_1}| |{\sigma_V_2}| ...|{\sigma_V_
                                                  n}|, n \in \mathbb{N}, n \...
I treat `x_1_2' essentially like `x_1{}_2'.

! Missing $ inserted.
<inserted text> 
                $
l.611 |{\sigma
              _V_n}|
I've inserted a begin-math/end-math symbol since I think
you left one out. Proceed, with fingers crossed.

! Double subscript.
l.611 |{\sigma_V_
                 n}|
I treat `x_1_2' essentially like `x_1{}_2'.

! Extra }, or forgotten $.
l.611 |{\sigma_V_n}
                   |
I've deleted a group-closing symbol because it seems to be
spurious, as in `$x}$'. But perhaps the } is legitimate and
you forgot something else, as in `\hbox{$x}'. In such cases
the way to recover is to insert both the forgotten and the
deleted material, e.g., by typing `I$}'.

! Missing $ inserted.
<inserted text> 
                $
l.612 
      
I've inserted a begin-math/end-math symbol since I think
you left one out. Proceed, with fingers crossed.


LaTeX Warning: Reference `confvec' on page \thepage  undefined on input line 61
8.


LaTeX Warning: Reference `rule-list' on page \thepage  undefined on input line 
618.


LaTeX Warning: Reference `sim-algo' on page \thepage  undefined on input line 6
18.


LaTeX Warning: Reference `sim-algo2' on page \thepage  undefined on input line 
618.


LaTeX Warning: Reference `row-maj' on page \thepage  undefined on input line 61
9.


LaTeX Warning: Reference `sim-algo' on page \thepage  undefined on input line 6
22.


! LaTeX Error: Environment algorithmic undefined.

See the LaTeX manual or LaTeX Companion for explanation.
Type  H <return>  for immediate help.
 ...                                              
                                                  
l.624 \begin{algorithmic}
                         
Your command was ignored.
Type  I <command> <return>  to replace it with another command,
or  <return>  to continue without it.


Underfull \hbox (badness 10000) in paragraph at lines 625--631

 []


Underfull \hbox (badness 10000) in paragraph at lines 632--642

 []


! LaTeX Error: \begin{algorithm} on input line 621 ended by \end{algorithmic}.

See the LaTeX manual or LaTeX Companion for explanation.
Type  H <return>  for immediate help.
 ...                                              
                                                  
l.650 \end{algorithmic}
                       
Your command was ignored.
Type  I <command> <return>  to replace it with another command,
or  <return>  to continue without it.


LaTeX Warning: Reference `sim-algo2' on page \thepage  undefined on input line 
653.


LaTeX Warning: Reference `confvec' on page \thepage  undefined on input line 65
3.


LaTeX Warning: Reference `rule-list' on page \thepage  undefined on input line 
653.


LaTeX Warning: Reference `sim-algo2' on page \thepage  undefined on input line 
653.

pdfTeX warning (ext4): destination with the same identifier (name{page.}) has b
een already used, duplicate ignored
<to be read again> 
                   \relax 
l.655 I
       nitially from II-1 of Algorithm \ref{sim-algo2}, we have [5]

LaTeX Warning: Reference `sim-algo2' on page \thepage  undefined on input line 
655.


Overfull \hbox (1.92255pt too wide) in paragraph at lines 694--696
[]$\OT1/cmr/m/n/9 ^^F$ \T1/aer/m/n/9 = 3 ( 3 neu-rons in to-tal, one per el-e-m
en-t/-value of $\OML/cmm/m/it/9 confVec$\T1/aer/m/n/9 ) 
 []

! Missing $ inserted.
<inserted text> 
                $
l.697 $\Psi$ = |\sigma
                      _V_1| |\sigma_V_2| |\sigma_V_3| = 2 * 1 * 1 = 2
I've inserted a begin-math/end-math symbol since I think
you left one out. Proceed, with fingers crossed.

! Double subscript.
l.697 $\Psi$ = |\sigma_V_
                         1| |\sigma_V_2| |\sigma_V_3| = 2 * 1 * 1 = 2
I treat `x_1_2' essentially like `x_1{}_2'.

! Double subscript.
l.697 $\Psi$ = |\sigma_V_1| |\sigma_V_
                                      2| |\sigma_V_3| = 2 * 1 * 1 = 2
I treat `x_1_2' essentially like `x_1{}_2'.

! Double subscript.
l.697 ...i$ = |\sigma_V_1| |\sigma_V_2| |\sigma_V_
                                                  3| = 2 * 1 * 1 = 2
I treat `x_1_2' essentially like `x_1{}_2'.

! Missing $ inserted.
<inserted text> 
                $
l.698 
      
I've inserted a begin-math/end-math symbol since I think
you left one out. Proceed, with fingers crossed.


Underfull \vbox (badness 10000) has occurred while \output is active []



LaTeX Warning: Reference `confvec' on page \thepage  undefined on input line 70
2.


LaTeX Warning: Reference `rule-list' on page \thepage  undefined on input line 
703.


LaTeX Warning: Reference `sim-algo2' on page \thepage  undefined on input line 
713.


LaTeX Warning: Reference `sim-algo2' on page \thepage  undefined on input line 
716.


LaTeX Warning: Reference `rule-list' on page \thepage  undefined on input line 
747.

pdfTeX warning (ext4): destination with the same identifier (name{page.}) has b
een already used, duplicate ignored
<to be read again> 
                   \relax 
l.749 I
       llustrating II-3 of Algorithm \ref{sim-algo2}, given the valid and
[6]

LaTeX Warning: Reference `sim-algo2' on page \thepage  undefined on input line 
749.


LaTeX Warning: Reference `confvec' on page \thepage  undefined on input line 75
0.


LaTeX Warning: Reference `rule-list' on page \thepage  undefined on input line 
750.


LaTeX Warning: Reference `confvec' on page \thepage  undefined on input line 78
4.


LaTeX Warning: Reference `rule-list' on page \thepage  undefined on input line 
784.


Overfull \hbox (10.11273pt too wide) in paragraph at lines 787--787
[]\secfnt SIMULATION COM-PU-TA-TION RE-SULTS,
 []


LaTeX Warning: Reference `sect-snp-algo' on page \thepage  undefined on input l
ine 789.


Overfull \hbox (8.4759pt too wide) in paragraph at lines 788--792
\T1/aer/m/n/9 The SNP sys-tem sim-u-la-tor (com-bi-na-tion of Python and CUDA
 []

LaTeX Font Info:    Try loading font information for T1+aett on input line 792.

(/usr/share/texmf-texlive/tex/latex/ae/t1aett.fd
File: t1aett.fd 1997/11/16 Font definitions for T1/aett.
)
Overfull \hbox (9.94414pt too wide) in paragraph at lines 842--842
[]\T1/aett/m/n/9 No more Cks to use (infinite loop/s otherwise). Stop.[] 
 []

pdfTeX warning (ext4): destination with the same identifier (name{page.}) has b
een already used, duplicate ignored
<to be read again> 
                   \relax 
l.848 
       [7]

LaTeX Warning: Reference `sect-snp-algo' on page \thepage  undefined on input l
ine 849.


LaTeX Warning: Reference `c211_tree' on page \thepage  undefined on input line 
850.

<c211_tree.jpeg, id=182, 170.13562pt x 459.21562pt>
File: c211_tree.jpeg Graphic file (type jpg)
 <use c211_tree.jpeg>

LaTeX Warning: Reference `c211_tree' on page \thepage  undefined on input line 
860.

pdfTeX warning (ext4): destination with the same identifier (name{page.}) has b
een already used, duplicate ignored
<to be read again> 
                   \relax 
l.938 
       [8 <./c211_tree.jpeg>]pdfTeX warning (ext4): destination with the same i
dentifier (name{page.}) has been already used, duplicate ignored
<to be read again> 
                   \relax 
l.969 \end{document}
                     [9

] (./snp-gpu-sim-pcsc2011.aux)

LaTeX Warning: There were undefined references.


LaTeX Warning: Label(s) may have changed. Rerun to get cross-references right.

 )
(\end occurred inside a group at level 1)

### simple group (level 1) entered at line 611 ({)
### bottom level 
Here is how much of TeX's memory you used:
 6839 strings out of 495061
 94660 string characters out of 1182621
 192557 words of memory out of 3000000
 9805 multiletter control sequences out of 15000+50000
 51446 words of font info for 70 fonts, out of 3000000 for 9000
 28 hyphenation exceptions out of 8191
 39i,15n,37p,993b,1625s stack positions out of 5000i,500n,10000p,200000b,50000s
{/usr/share/texmf-texlive/fonts/enc/dvips/base/8r.enc}</usr/sha
re/texmf-texlive/fonts/type1/public/amsfonts/cm/cmbsy10.pfb></usr/share/texmf-t
exlive/fonts/type1/public/amsfonts/cm/cmbx9.pfb></usr/share/texmf-texlive/fonts
/type1/public/amsfonts/cmextra/cmex9.pfb></usr/share/texmf-texlive/fonts/type1/
public/amsfonts/cm/cmmi6.pfb></usr/share/texmf-texlive/fonts/type1/public/amsfo
nts/cm/cmmi9.pfb></usr/share/texmf-texlive/fonts/type1/public/amsfonts/cm/cmr5.
pfb></usr/share/texmf-texlive/fonts/type1/public/amsfonts/cm/cmr6.pfb></usr/sha
re/texmf-texlive/fonts/type1/public/amsfonts/cm/cmr9.pfb></usr/share/texmf-texl
ive/fonts/type1/public/amsfonts/cm/cmsl9.pfb></usr/share/texmf-texlive/fonts/ty
pe1/public/amsfonts/cm/cmsy9.pfb></usr/share/texmf-texlive/fonts/type1/public/a
msfonts/cm/cmti9.pfb></usr/share/texmf-texlive/fonts/type1/public/amsfonts/cm/c
mtt9.pfb></usr/share/texmf-texlive/fonts/type1/public/amsfonts/symbols/msbm10.p
fb></usr/share/texmf-texlive/fonts/type1/urw/helvetic/uhvb8a.pfb></usr/share/te
xmf-texlive/fonts/type1/urw/helvetic/uhvr8a.pfb></usr/share/texmf-texlive/fonts
/type1/urw/times/utmb8a.pfb>
Output written on snp-gpu-sim-pcsc2011.pdf (9 pages, 397083 bytes).
PDF statistics:
 261 PDF objects out of 1000 (max. 8388607)
 70 named destinations out of 1000 (max. 500000)
 85 words of extra memory for PDF output out of 10000 (max. 10000000)

